2022-06-13 09:46:21 info: Server is running
2022-06-13 09:46:23 info: Server is running
2022-06-13 09:47:01 info: Server is running
2022-06-13 09:48:31 info: Server is running
2022-06-13 10:03:13 info: Server is running
2022-06-13 10:04:19 info: Server is running
2022-06-13 10:04:57 info: Server is running
2022-06-13 10:05:19 info: Server is running
2022-06-13 10:05:26 info: Server is running
2022-06-13 10:05:35 info: Server is running
2022-06-13 10:05:41 info: Server is running
2022-06-13 10:05:43 info: Server is running
2022-06-13 10:06:02 info: Server is running
2022-06-13 10:06:18 info: Server is running
2022-06-13 10:06:22 info: Server is running
2022-06-13 10:06:27 info: Server is running
2022-06-13 10:07:10 info: Server is running
2022-06-13 10:07:19 info: Server is running
2022-06-13 10:32:45 info: Server is running
2022-06-13 10:34:12 error: Error occurred SequelizeDatabaseError: column "key" does not exist
2022-06-13 10:34:37 error: Error occurred SequelizeDatabaseError: relation "users" does not exist
2022-06-13 10:34:46 info: Server is running
2022-06-13 10:34:57 info: Server is running
2022-06-13 10:35:16 error: Error occurred ReferenceError: uid is not defined
2022-06-13 10:35:37 info: Server is running
2022-06-13 10:35:51 info: Server is running
2022-06-13 10:36:48 info: Server is running
2022-06-13 10:37:14 info: Server is running
2022-06-13 10:37:16 info: Server is running
2022-06-13 10:38:08 info: Server is running
2022-06-13 10:47:46 info: Server is running
2022-06-13 10:47:53 info: Server is running
2022-06-13 10:48:04 info: Server is running
2022-06-13 10:48:08 info: Server is running
2022-06-13 10:48:10 info: Server is running
2022-06-13 10:48:14 info: Server is running
2022-06-13 10:48:24 info: Server is running
2022-06-13 10:48:27 info: Server is running
2022-06-13 10:49:16 info: Server is running
2022-06-13 10:49:23 info: Server is running
2022-06-13 10:49:41 info: Server is running
2022-06-13 10:49:46 info: Server is running
2022-06-13 10:49:50 info: Server is running
2022-06-13 10:49:56 info: Server is running
2022-06-13 10:57:20 info: Server is running
2022-06-13 10:57:29 info: Server is running
2022-06-13 10:57:32 info: Server is running
2022-06-13 10:57:40 info: Server is running
2022-06-13 10:57:44 info: Server is running
2022-06-13 10:57:49 info: Server is running
2022-06-13 10:57:53 info: Server is running
2022-06-13 10:58:05 info: Server is running
2022-06-13 10:58:07 info: Server is running
2022-06-13 11:13:43 info: Server is running
2022-06-13 11:14:22 info: Server is running
2022-06-13 11:14:34 info: Server is running
2022-06-13 11:14:50 info: Server is running
2022-06-13 11:15:00 info: Server is running
2022-06-13 11:15:09 info: Server is running
2022-06-13 11:15:13 info: Server is running
2022-06-13 11:15:17 info: Server is running
2022-06-13 11:15:29 info: Server is running
2022-06-13 11:15:46 info: Server is running
2022-06-13 11:16:23 info: Server is running
2022-06-13 11:16:45 info: Server is running
2022-06-13 11:18:58 info: Server is running
2022-06-13 11:19:07 info: Server is running
2022-06-13 11:19:23 info: Server is running
2022-06-13 11:19:29 info: Server is running
2022-06-13 11:19:34 info: Server is running
2022-06-13 11:19:36 info: Server is running
2022-06-13 11:19:43 info: Server is running
2022-06-13 11:19:44 info: Server is running
2022-06-13 11:19:49 info: Server is running
2022-06-13 11:19:57 info: Server is running
2022-06-13 11:20:47 info: Server is running
2022-06-13 11:21:00 info: Server is running
2022-06-13 11:21:04 info: Server is running
2022-06-13 11:21:07 info: Server is running
2022-06-13 11:22:09 info: Server is running
2022-06-13 11:25:31 info: Server is running
2022-06-13 11:25:34 info: Server is running
2022-06-13 11:28:46 info: Server is running
2022-06-13 11:28:49 info: Server is running
2022-06-13 11:28:55 info: Server is running
2022-06-13 11:29:03 info: Server is running
2022-06-13 11:29:10 info: Server is running
2022-06-13 11:29:48 info: Server is running
2022-06-13 11:29:57 info: Server is running
2022-06-13 11:29:58 info: Server is running
2022-06-13 11:30:12 info: Server is running
2022-06-13 11:33:07 info: Server is running
2022-06-13 11:33:10 info: Server is running
2022-06-13 11:33:26 info: Server is running
2022-06-13 11:38:07 info: Server is running
2022-06-13 11:38:09 info: Server is running
2022-06-13 11:38:11 info: Server is running
2022-06-13 12:28:33 info: Server is running
2022-06-13 12:32:32 info: Server is running
2022-06-13 12:32:42 info: Server is running
2022-06-13 12:32:49 info: Server is running
2022-06-13 12:33:13 info: Server is running
2022-06-13 12:33:19 info: Server is running
2022-06-13 12:33:22 info: Server is running
2022-06-13 12:33:40 info: Server is running
2022-06-13 12:33:45 info: Server is running
2022-06-13 12:33:56 info: Server is running
2022-06-13 12:34:11 info: Server is running
2022-06-13 12:34:21 info: Server is running
2022-06-13 12:34:28 info: Server is running
2022-06-13 12:39:55 info: Server is running
2022-06-13 12:40:01 info: Server is running
2022-06-13 12:40:05 info: Server is running
2022-06-13 12:40:09 info: Server is running
2022-06-13 12:41:10 info: Server is running
2022-06-13 12:41:25 info: Server is running
2022-06-13 12:41:27 info: Server is running
2022-06-13 12:41:33 info: Server is running
2022-06-13 12:41:37 info: Server is running
2022-06-13 12:41:38 info: Server is running
2022-06-13 12:41:48 info: Server is running
2022-06-13 12:42:20 info: Server is running
2022-06-13 12:45:37 info: Server is running
2022-06-13 12:45:56 info: Server is running
2022-06-13 12:53:25 info: Server is running
2022-06-13 12:53:33 info: Server is running
2022-06-13 12:53:47 info: Server is running
2022-06-13 12:53:51 info: Server is running
2022-06-13 12:53:52 info: Server is running
2022-06-13 12:55:36 info: Server is running
2022-06-13 12:55:55 info: Server is running
2022-06-13 12:56:19 info: Server is running
2022-06-13 12:56:27 info: Server is running
2022-06-13 12:56:34 info: Server is running
2022-06-13 12:56:37 info: Server is running
2022-06-13 12:57:12 info: Server is running
2022-06-13 12:57:20 info: Server is running
2022-06-13 12:57:34 info: Server is running
2022-06-13 12:57:36 info: Server is running
2022-06-13 12:57:44 info: Server is running
2022-06-13 12:58:08 info: Server is running
2022-06-13 12:58:14 info: Server is running
2022-06-13 12:59:02 info: Server is running
2022-06-13 12:59:10 info: Server is running
2022-06-13 12:59:44 info: Server is running
2022-06-13 13:03:25 info: Server is running
2022-06-13 13:03:29 info: Server is running
2022-06-13 13:03:52 info: Server is running
2022-06-13 13:04:18 info: Server is running
2022-06-13 13:04:34 info: Server is running
2022-06-13 13:04:48 info: Server is running
2022-06-13 13:05:02 info: Server is running
2022-06-13 13:05:11 info: Server is running
2022-06-13 13:05:16 info: Server is running
2022-06-13 13:05:19 info: Server is running
2022-06-13 13:05:44 info: Server is running
2022-06-13 13:05:54 info: Server is running
2022-06-13 13:06:07 info: Server is running
2022-06-13 13:06:11 info: Server is running
2022-06-13 13:06:44 info: Server is running
2022-06-13 13:06:47 info: Server is running
2022-06-13 13:07:07 info: Server is running
2022-06-13 13:07:21 info: Server is running
2022-06-13 13:07:26 info: Server is running
2022-06-13 13:07:28 info: Server is running
2022-06-13 13:07:44 info: Server is running
2022-06-13 13:07:51 info: Server is running
2022-06-13 13:07:56 info: Server is running
2022-06-13 13:09:53 info: Server is running
2022-06-13 13:10:01 info: Server is running
2022-06-13 13:10:03 info: Server is running
2022-06-13 13:10:41 info: Server is running
2022-06-13 13:10:48 info: Server is running
2022-06-13 13:10:54 info: Server is running
2022-06-13 13:11:02 info: Server is running
2022-06-13 13:11:05 info: Server is running
2022-06-13 13:13:34 info: Server is running
2022-06-13 13:13:38 info: Server is running
2022-06-13 13:13:42 info: Server is running
2022-06-13 13:13:44 info: Server is running
2022-06-13 13:13:46 info: Server is running
2022-06-13 13:13:52 info: Server is running
2022-06-13 13:18:58 info: Server is running
2022-06-13 13:19:13 info: Server is running
2022-06-13 13:19:16 info: Server is running
2022-06-13 13:19:26 info: Server is running
2022-06-13 13:19:30 info: Server is running
2022-06-13 13:19:33 info: Server is running
2022-06-13 13:19:35 info: Server is running
2022-06-13 13:19:49 info: Server is running
2022-06-13 13:19:58 info: Server is running
2022-06-13 13:20:12 info: Server is running
2022-06-13 13:20:34 info: Server is running
2022-06-13 13:43:59 info: Server is running
2022-06-13 13:44:11 info: Server is running
2022-06-13 13:44:39 info: Server is running
2022-06-13 13:44:56 info: Server is running
2022-06-13 13:45:25 info: Server is running
2022-06-13 13:45:59 info: Server is running
2022-06-13 13:48:55 info: Server is running
2022-06-13 13:49:02 info: Server is running
2022-06-13 13:49:08 info: Server is running
2022-06-13 13:49:12 info: Server is running
2022-06-13 13:49:19 info: Server is running
2022-06-13 14:00:36 info: Server is running
2022-06-13 14:07:10 info: Server is running
2022-06-13 14:07:14 info: Server is running
2022-06-13 14:08:56 info: Server is running
2022-06-13 14:08:59 info: Server is running
2022-06-13 14:09:07 info: Server is running
2022-06-13 14:09:11 info: Server is running
2022-06-13 14:10:35 info: Server is running
2022-06-13 14:10:49 info: Server is running
2022-06-13 14:10:52 info: Server is running
2022-06-13 14:10:56 info: Server is running
2022-06-13 14:11:02 info: Server is running
2022-06-13 14:11:07 info: Server is running
2022-06-13 14:11:19 info: Server is running
2022-06-13 14:11:25 info: Server is running
2022-06-13 14:11:34 info: Server is running
2022-06-13 14:11:43 info: Server is running
2022-06-13 14:11:47 info: Server is running
2022-06-13 14:11:56 info: Server is running
2022-06-13 14:12:16 info: Server is running
2022-06-13 14:12:45 info: Server is running
2022-06-13 14:12:47 info: Server is running
2022-06-13 14:12:55 info: Server is running
2022-06-13 14:13:01 info: Server is running
2022-06-13 14:45:00 info: Server is running
2022-06-13 14:45:22 info: Server is running
2022-06-13 14:45:28 info: Server is running
2022-06-13 14:45:31 info: Server is running
2022-06-13 16:08:25 info: Server is running
2022-06-13 16:20:21 info: Server is running
2022-06-13 16:22:18 info: Server is running
2022-06-13 16:48:29 info: Server is running
2022-06-13 16:49:02 error: Error occurred SyntaxError: Unexpected token o in JSON at position 1
2022-06-13 16:49:59 info: Server is running
2022-06-13 16:50:07 info: Server is running
2022-06-13 16:50:12 info: Server is running
2022-06-13 16:50:14 info: Server is running
2022-06-13 16:50:17 error: Error occurred SyntaxError: Unexpected token o in JSON at position 1
2022-06-13 16:50:39 error: Error occurred SyntaxError: Unexpected token o in JSON at position 1
2022-06-13 16:50:57 info: Server is running
2022-06-13 16:50:59 error: Error occurred SyntaxError: Unexpected token o in JSON at position 1
2022-06-13 16:51:29 info: Server is running
2022-06-13 16:51:33 info: Server is running
2022-06-13 16:51:35 error: Error occurred SyntaxError: Unexpected token o in JSON at position 1
2022-06-13 16:51:58 info: Server is running
2022-06-13 16:54:21 error: Error occurred SyntaxError: Unexpected token o in JSON at position 1
2022-06-13 16:54:26 error: Error occurred SyntaxError: Unexpected token o in JSON at position 1
2022-06-13 16:54:47 error: Error occurred SyntaxError: Unexpected token o in JSON at position 1
2022-06-13 16:55:05 info: Server is running
2022-06-13 16:55:10 info: Server is running
2022-06-13 16:55:13 error: Error occurred ReferenceError: body is not defined
2022-06-13 16:55:29 info: Server is running
2022-06-13 18:47:45 info: Server is running
2022-06-13 18:48:18 info: Server is running
2022-06-13 19:19:11 info: Server is running
2022-06-13 19:19:15 info: Server is running
2022-06-13 19:19:19 info: Server is running
2022-06-13 19:19:26 info: Server is running
2022-06-13 19:19:33 info: Server is running
